<?xml version="1.0" encoding="UTF-8"?>
<testsuite name="ProverbTest" tests="6" skipped="0" failures="0" errors="0" timestamp="2020-05-25T18:16:40" hostname="DESKTOP-0TO2RFA" time="0.061">
  <properties/>
  <testcase name="shortChainOfConsequences" classname="ProverbTest" time="0.057"/>
  <testcase name="fullProverb" classname="ProverbTest" time="0.0"/>
  <testcase name="zeroWordsAreGiven" classname="ProverbTest" time="0.001"/>
  <testcase name="singlePieceOfProverb" classname="ProverbTest" time="0.0"/>
  <testcase name="twoPiecesOfProverb" classname="ProverbTest" time="0.001"/>
  <testcase name="fourPiecesModernizedProverb" classname="ProverbTest" time="0.001"/>
  <system-out><![CDATA[]]></system-out>
  <system-err><![CDATA[]]></system-err>
</testsuite>
